<?xml version="1.0" encoding="UTF-8"?>
<!-- Generated by org.testng.reporters.JUnitReportReporter -->
<testsuite hostname="DESKTOP-RL1QUG5" failures="0" tests="1" name="paruVenduTestNG.NG" time="36.037" errors="0" timestamp="08 avr. 2024 07:17:47 GMT" skipped="0">
  <testcase classname="paruVenduTestNG.NG" name="navigate" time="36.037"/>
</testsuite> <!-- paruVenduTestNG.NG -->
